#
# There is insufficient memory for the Java Runtime Environment to continue.
# Native memory allocation (malloc) failed to allocate 4364816 bytes for Chunk::new
# Possible reasons:
#   The system is out of physical RAM or swap space
#   The process is running with CompressedOops enabled, and the Java Heap may be blocking the growth of the native heap
# Possible solutions:
#   Reduce memory load on the system
#   Increase physical memory or swap space
#   Check if swap backing store is full
#   Decrease Java heap size (-Xmx/-Xms)
#   Decrease number of Java threads
#   Decrease Java thread stack sizes (-Xss)
#   Set larger code cache with -XX:ReservedCodeCacheSize=
#   JVM is running with Unscaled Compressed Oops mode in which the Java heap is
#     placed in the first 4GB address space. The Java Heap base address is the
#     maximum limit for the native heap growth. Please use -XX:HeapBaseMinAddress
#     to set the Java Heap base and to place the Java Heap above 4GB virtual address.
# This output file may be truncated or incomplete.
#
#  Out of Memory Error (./open/src/hotspot/share/memory/arena.cpp:197), pid=14080, tid=25468
#
# JRE version: Java(TM) SE Runtime Environment 18.9 (11.0.15.1+2) (build 11.0.15.1+2-LTS-10)
# Java VM: Java HotSpot(TM) 64-Bit Server VM 18.9 (11.0.15.1+2-LTS-10, mixed mode, tiered, compressed oops, g1 gc, windows-amd64)
# No core dump will be written. Minidumps are not enabled by default on client versions of Windows
#

---------------  S U M M A R Y ------------

Command Line: -agentlib:jdwp=transport=dt_socket,address=127.0.0.1:53228,suspend=y,server=n -ea -Didea.test.cyclic.buffer.size=1048576 -javaagent:C:\Users\XRDELL\AppData\Local\JetBrains\IntelliJIdea2020.3\captureAgent\debugger-agent.jar -Dfile.encoding=UTF-8 com.intellij.rt.junit.JUnitStarter -ideVersion5 -junit5 com.yupi.usercenter.service.UserServiceTest,userRegister

Host: Intel(R) Core(TM) i5-10200H CPU @ 2.40GHz, 8 cores, 7G,  Windows 11 , 64 bit Build 22621 (10.0.22621.3374)
Time: Mon May 13 15:15:09 2024 中国标准时间 elapsed time: 9.729941 seconds (0d 0h 0m 9s)

---------------  T H R E A D  ---------------

Current thread (0x000002edcf57e800):  JavaThread "C2 CompilerThread1" daemon [_thread_in_native, id=25468, stack(0x000000f2e1d00000,0x000000f2e1e00000)]


Current CompileTask:
C2:   9730 4672       4       jdk.internal.loader.BuiltinClassLoader::loadClass (22 bytes)

Stack: [0x000000f2e1d00000,0x000000f2e1e00000]
Native frames: (J=compiled Java code, j=interpreted, Vv=VM code, C=native code)
V  [jvm.dll+0x629d8a]
V  [jvm.dll+0x7638ff]
V  [jvm.dll+0x764fa9]
V  [jvm.dll+0x765633]
V  [jvm.dll+0x23d9c8]
V  [jvm.dll+0xb2a1c]
V  [jvm.dll+0xb2fdc]
V  [jvm.dll+0x341047]
V  [jvm.dll+0x18cd11]
V  [jvm.dll+0x1f8672]
V  [jvm.dll+0x1f774d]
V  [jvm.dll+0x177c51]
V  [jvm.dll+0x207026]
V  [jvm.dll+0x2051bb]
V  [jvm.dll+0x729820]
V  [jvm.dll+0x7223f4]
V  [jvm.dll+0x628c26]
C  [ucrtbase.dll+0x29333]
C  [KERNEL32.DLL+0x1257d]
C  [ntdll.dll+0x5aa48]


---------------  P R O C E S S  ---------------

Threads class SMR info:
_java_thread_list=0x000002edd287a6e0, length=16, elements={
0x000002edb0db2000, 0x000002edcec07000, 0x000002edcec33800, 0x000002edcf52a000,
0x000002edcf52c000, 0x000002edcf52d000, 0x000002edcf53a800, 0x000002edcf57f800,
0x000002edcf53f000, 0x000002edcebc1800, 0x000002edcf758800, 0x000002edcf7d7800,
0x000002edcf78a800, 0x000002edd2c28000, 0x000002edcf57e800, 0x000002edcf581000
}

Java Threads: ( => current thread )
  0x000002edb0db2000 JavaThread "main" [_thread_in_native, id=23960, stack(0x000000f2e0500000,0x000000f2e0600000)]
  0x000002edcec07000 JavaThread "Reference Handler" daemon [_thread_blocked, id=10772, stack(0x000000f2e0c00000,0x000000f2e0d00000)]
  0x000002edcec33800 JavaThread "Finalizer" daemon [_thread_blocked, id=5112, stack(0x000000f2e0d00000,0x000000f2e0e00000)]
  0x000002edcf52a000 JavaThread "Signal Dispatcher" daemon [_thread_blocked, id=31032, stack(0x000000f2e0e00000,0x000000f2e0f00000)]
  0x000002edcf52c000 JavaThread "Attach Listener" daemon [_thread_blocked, id=32560, stack(0x000000f2e0f00000,0x000000f2e1000000)]
  0x000002edcf52d000 JavaThread "Service Thread" daemon [_thread_blocked, id=5824, stack(0x000000f2e1000000,0x000000f2e1100000)]
  0x000002edcf53a800 JavaThread "C2 CompilerThread0" daemon [_thread_blocked, id=5376, stack(0x000000f2e1100000,0x000000f2e1200000)]
  0x000002edcf57f800 JavaThread "C1 CompilerThread0" daemon [_thread_blocked, id=18024, stack(0x000000f2e1200000,0x000000f2e1300000)]
  0x000002edcf53f000 JavaThread "Sweeper thread" daemon [_thread_blocked, id=27356, stack(0x000000f2e1300000,0x000000f2e1400000)]
  0x000002edcebc1800 JavaThread "Common-Cleaner" daemon [_thread_blocked, id=21720, stack(0x000000f2e1400000,0x000000f2e1500000)]
  0x000002edcf758800 JavaThread "JDWP Transport Listener: dt_socket" daemon [_thread_blocked, id=19100, stack(0x000000f2e1500000,0x000000f2e1600000)]
  0x000002edcf7d7800 JavaThread "JDWP Event Helper Thread" daemon [_thread_blocked, id=2424, stack(0x000000f2e1600000,0x000000f2e1700000)]
  0x000002edcf78a800 JavaThread "JDWP Command Reader" daemon [_thread_in_native, id=2484, stack(0x000000f2e1700000,0x000000f2e1800000)]
  0x000002edd2c28000 JavaThread "mysql-cj-abandoned-connection-cleanup" daemon [_thread_blocked, id=31476, stack(0x000000f2e1c00000,0x000000f2e1d00000)]
=>0x000002edcf57e800 JavaThread "C2 CompilerThread1" daemon [_thread_in_native, id=25468, stack(0x000000f2e1d00000,0x000000f2e1e00000)]
  0x000002edcf581000 JavaThread "C2 CompilerThread2" daemon [_thread_in_native, id=25096, stack(0x000000f2e1e00000,0x000000f2e1f00000)]

Other Threads:
  0x000002edcec06000 VMThread "VM Thread" [stack: 0x000000f2e0b00000,0x000000f2e0c00000] [id=29356]
  0x000002edcfc63800 WatcherThread [stack: 0x000000f2e1800000,0x000000f2e1900000] [id=16852]
  0x000002edb0dc6800 GCTaskThread "GC Thread#0" [stack: 0x000000f2e0600000,0x000000f2e0700000] [id=30192]
  0x000002edd0571000 GCTaskThread "GC Thread#1" [stack: 0x000000f2e1900000,0x000000f2e1a00000] [id=20604]
  0x000002edd0571800 GCTaskThread "GC Thread#2" [stack: 0x000000f2e1a00000,0x000000f2e1b00000] [id=32260]
  0x000002edb0df7800 ConcurrentGCThread "G1 Main Marker" [stack: 0x000000f2e0700000,0x000000f2e0800000] [id=10180]
  0x000002edb0df9000 ConcurrentGCThread "G1 Conc#0" [stack: 0x000000f2e0800000,0x000000f2e0900000] [id=23860]
  0x000002edd04d6000 ConcurrentGCThread "G1 Conc#1" [stack: 0x000000f2e1b00000,0x000000f2e1c00000] [id=8028]
  0x000002edb0e6e000 ConcurrentGCThread "G1 Refine#0" [stack: 0x000000f2e0900000,0x000000f2e0a00000] [id=20464]
  0x000002edcea72800 ConcurrentGCThread "G1 Young RemSet Sampling" [stack: 0x000000f2e0a00000,0x000000f2e0b00000] [id=16820]

Threads with active compile tasks:
C2 CompilerThread1   9796 4672       4       jdk.internal.loader.BuiltinClassLoader::loadClass (22 bytes)
C2 CompilerThread2   9796 4611       4       jdk.internal.loader.ClassLoaders$AppClassLoader::loadClass (40 bytes)

VM state:not at safepoint (normal execution)

VM Mutex/Monitor currently owned by a thread: None

Heap address: 0x0000000083200000, size: 1998 MB, Compressed Oops mode: 32-bit
Narrow klass base: 0x0000000000000000, Narrow klass shift: 3
Compressed class space size: 1073741824 Address: 0x0000000100000000

Heap:
 garbage-first heap   total 129024K, used 41117K [0x0000000083200000, 0x0000000100000000)
  region size 1024K, 26 young (26624K), 5 survivors (5120K)
 Metaspace       used 52557K, capacity 54347K, committed 54656K, reserved 1097728K
  class space    used 6480K, capacity 7210K, committed 7296K, reserved 1048576K
Heap Regions: E=young(eden), S=young(survivor), O=old, HS=humongous(starts), HC=humongous(continues), CS=collection set, F=free, A=archive, TAMS=top-at-mark-start (previous, next)
|   0|0x0000000083200000, 0x0000000083300000, 0x0000000083300000|100%| O|  |TAMS 0x0000000083300000, 0x0000000083200000| Untracked 
|   1|0x0000000083300000, 0x0000000083400000, 0x0000000083400000|100%| O|  |TAMS 0x0000000083400000, 0x0000000083300000| Untracked 
|   2|0x0000000083400000, 0x0000000083500000, 0x0000000083500000|100%| O|  |TAMS 0x0000000083500000, 0x0000000083400000| Untracked 
|   3|0x0000000083500000, 0x0000000083600000, 0x0000000083600000|100%| O|  |TAMS 0x0000000083600000, 0x0000000083500000| Untracked 
|   4|0x0000000083600000, 0x0000000083700000, 0x0000000083700000|100%| O|  |TAMS 0x0000000083700000, 0x0000000083600000| Untracked 
|   5|0x0000000083700000, 0x0000000083800000, 0x0000000083800000|100%| O|  |TAMS 0x0000000083800000, 0x0000000083700000| Untracked 
|   6|0x0000000083800000, 0x0000000083900000, 0x0000000083900000|100%| O|  |TAMS 0x0000000083900000, 0x0000000083800000| Untracked 
|   7|0x0000000083900000, 0x0000000083a00000, 0x0000000083a00000|100%| O|  |TAMS 0x00000000839f9800, 0x0000000083900000| Untracked 
|   8|0x0000000083a00000, 0x0000000083b00000, 0x0000000083b00000|100%| O|  |TAMS 0x0000000083a00000, 0x0000000083a00000| Untracked 
|   9|0x0000000083b00000, 0x0000000083c00000, 0x0000000083c00000|100%| O|  |TAMS 0x0000000083b00000, 0x0000000083b00000| Untracked 
|  10|0x0000000083c00000, 0x0000000083d00000, 0x0000000083d00000|100%| O|  |TAMS 0x0000000083c00000, 0x0000000083c00000| Untracked 
|  11|0x0000000083d00000, 0x0000000083e00000, 0x0000000083e00000|100%| O|  |TAMS 0x0000000083d00000, 0x0000000083d00000| Untracked 
|  12|0x0000000083e00000, 0x0000000083f00000, 0x0000000083f00000|100%| O|  |TAMS 0x0000000083e00000, 0x0000000083e00000| Untracked 
|  13|0x0000000083f00000, 0x0000000084000000, 0x0000000084000000|100%| O|  |TAMS 0x0000000083f00000, 0x0000000083f00000| Untracked 
|  14|0x0000000084000000, 0x0000000084100000, 0x0000000084100000|100%| O|  |TAMS 0x0000000084000000, 0x0000000084000000| Untracked 
|  15|0x0000000084100000, 0x0000000084127400, 0x0000000084200000| 15%| O|  |TAMS 0x0000000084100000, 0x0000000084100000| Untracked 
|  16|0x0000000084200000, 0x0000000084200000, 0x0000000084300000|  0%| F|  |TAMS 0x0000000084200000, 0x0000000084200000| Untracked 
|  17|0x0000000084300000, 0x0000000084300000, 0x0000000084400000|  0%| F|  |TAMS 0x0000000084300000, 0x0000000084300000| Untracked 
|  18|0x0000000084400000, 0x0000000084400000, 0x0000000084500000|  0%| F|  |TAMS 0x0000000084400000, 0x0000000084400000| Untracked 
|  19|0x0000000084500000, 0x0000000084500000, 0x0000000084600000|  0%| F|  |TAMS 0x0000000084500000, 0x0000000084500000| Untracked 
|  20|0x0000000084600000, 0x0000000084600000, 0x0000000084700000|  0%| F|  |TAMS 0x0000000084600000, 0x0000000084600000| Untracked 
|  21|0x0000000084700000, 0x0000000084700000, 0x0000000084800000|  0%| F|  |TAMS 0x0000000084700000, 0x0000000084700000| Untracked 
|  22|0x0000000084800000, 0x0000000084800000, 0x0000000084900000|  0%| F|  |TAMS 0x0000000084800000, 0x0000000084800000| Untracked 
|  23|0x0000000084900000, 0x0000000084900000, 0x0000000084a00000|  0%| F|  |TAMS 0x0000000084900000, 0x0000000084900000| Untracked 
|  24|0x0000000084a00000, 0x0000000084a00000, 0x0000000084b00000|  0%| F|  |TAMS 0x0000000084a00000, 0x0000000084a00000| Untracked 
|  25|0x0000000084b00000, 0x0000000084b00000, 0x0000000084c00000|  0%| F|  |TAMS 0x0000000084b00000, 0x0000000084b00000| Untracked 
|  26|0x0000000084c00000, 0x0000000084c00000, 0x0000000084d00000|  0%| F|  |TAMS 0x0000000084c00000, 0x0000000084c00000| Untracked 
|  27|0x0000000084d00000, 0x0000000084d00000, 0x0000000084e00000|  0%| F|  |TAMS 0x0000000084d00000, 0x0000000084d00000| Untracked 
|  28|0x0000000084e00000, 0x0000000084e00000, 0x0000000084f00000|  0%| F|  |TAMS 0x0000000084e00000, 0x0000000084e00000| Untracked 
|  29|0x0000000084f00000, 0x0000000084f00000, 0x0000000085000000|  0%| F|  |TAMS 0x0000000084f00000, 0x0000000084f00000| Untracked 
|  30|0x0000000085000000, 0x0000000085000000, 0x0000000085100000|  0%| F|  |TAMS 0x0000000085000000, 0x0000000085000000| Untracked 
|  31|0x0000000085100000, 0x0000000085100000, 0x0000000085200000|  0%| F|  |TAMS 0x0000000085100000, 0x0000000085100000| Untracked 
|  32|0x0000000085200000, 0x0000000085200000, 0x0000000085300000|  0%| F|  |TAMS 0x0000000085200000, 0x0000000085200000| Untracked 
|  33|0x0000000085300000, 0x0000000085300000, 0x0000000085400000|  0%| F|  |TAMS 0x0000000085300000, 0x0000000085300000| Untracked 
|  34|0x0000000085400000, 0x0000000085400000, 0x0000000085500000|  0%| F|  |TAMS 0x0000000085400000, 0x0000000085400000| Untracked 
|  35|0x0000000085500000, 0x0000000085500000, 0x0000000085600000|  0%| F|  |TAMS 0x0000000085500000, 0x0000000085500000| Untracked 
|  36|0x0000000085600000, 0x0000000085600000, 0x0000000085700000|  0%| F|  |TAMS 0x0000000085600000, 0x0000000085600000| Untracked 
|  37|0x0000000085700000, 0x0000000085700000, 0x0000000085800000|  0%| F|  |TAMS 0x0000000085700000, 0x0000000085700000| Untracked 
|  38|0x0000000085800000, 0x0000000085800000, 0x0000000085900000|  0%| F|  |TAMS 0x0000000085800000, 0x0000000085800000| Untracked 
|  39|0x0000000085900000, 0x0000000085900000, 0x0000000085a00000|  0%| F|  |TAMS 0x0000000085900000, 0x0000000085900000| Untracked 
|  40|0x0000000085a00000, 0x0000000085a00000, 0x0000000085b00000|  0%| F|  |TAMS 0x0000000085a00000, 0x0000000085a00000| Untracked 
|  41|0x0000000085b00000, 0x0000000085b00000, 0x0000000085c00000|  0%| F|  |TAMS 0x0000000085b00000, 0x0000000085b00000| Untracked 
|  42|0x0000000085c00000, 0x0000000085c00000, 0x0000000085d00000|  0%| F|  |TAMS 0x0000000085c00000, 0x0000000085c00000| Untracked 
|  43|0x0000000085d00000, 0x0000000085d00000, 0x0000000085e00000|  0%| F|  |TAMS 0x0000000085d00000, 0x0000000085d00000| Untracked 
|  44|0x0000000085e00000, 0x0000000085e00000, 0x0000000085f00000|  0%| F|  |TAMS 0x0000000085e00000, 0x0000000085e00000| Untracked 
|  45|0x0000000085f00000, 0x0000000085f00000, 0x0000000086000000|  0%| F|  |TAMS 0x0000000085f00000, 0x0000000085f00000| Untracked 
|  46|0x0000000086000000, 0x0000000086000000, 0x0000000086100000|  0%| F|  |TAMS 0x0000000086000000, 0x0000000086000000| Untracked 
|  47|0x0000000086100000, 0x0000000086100000, 0x0000000086200000|  0%| F|  |TAMS 0x0000000086100000, 0x0000000086100000| Untracked 
|  48|0x0000000086200000, 0x0000000086200000, 0x0000000086300000|  0%| F|  |TAMS 0x0000000086200000, 0x0000000086200000| Untracked 
|  49|0x0000000086300000, 0x0000000086300000, 0x0000000086400000|  0%| F|  |TAMS 0x0000000086300000, 0x0000000086300000| Untracked 
|  50|0x0000000086400000, 0x0000000086400000, 0x0000000086500000|  0%| F|  |TAMS 0x0000000086400000, 0x0000000086400000| Untracked 
|  51|0x0000000086500000, 0x0000000086500000, 0x0000000086600000|  0%| F|  |TAMS 0x0000000086500000, 0x0000000086500000| Untracked 
|  52|0x0000000086600000, 0x0000000086600000, 0x0000000086700000|  0%| F|  |TAMS 0x0000000086600000, 0x0000000086600000| Untracked 
|  53|0x0000000086700000, 0x0000000086700000, 0x0000000086800000|  0%| F|  |TAMS 0x0000000086700000, 0x0000000086700000| Untracked 
|  54|0x0000000086800000, 0x0000000086900000, 0x0000000086900000|100%| S|CS|TAMS 0x0000000086800000, 0x0000000086800000| Complete 
|  55|0x0000000086900000, 0x0000000086a00000, 0x0000000086a00000|100%| S|CS|TAMS 0x0000000086900000, 0x0000000086900000| Complete 
|  56|0x0000000086a00000, 0x0000000086b00000, 0x0000000086b00000|100%| S|CS|TAMS 0x0000000086a00000, 0x0000000086a00000| Complete 
|  57|0x0000000086b00000, 0x0000000086c00000, 0x0000000086c00000|100%| S|CS|TAMS 0x0000000086b00000, 0x0000000086b00000| Complete 
|  58|0x0000000086c00000, 0x0000000086d00000, 0x0000000086d00000|100%| S|CS|TAMS 0x0000000086c00000, 0x0000000086c00000| Complete 
|  59|0x0000000086d00000, 0x0000000086d00000, 0x0000000086e00000|  0%| F|  |TAMS 0x0000000086d00000, 0x0000000086d00000| Untracked 
|  60|0x0000000086e00000, 0x0000000086e00000, 0x0000000086f00000|  0%| F|  |TAMS 0x0000000086e00000, 0x0000000086e00000| Untracked 
|  61|0x0000000086f00000, 0x0000000086f00000, 0x0000000087000000|  0%| F|  |TAMS 0x0000000086f00000, 0x0000000086f00000| Untracked 
|  62|0x0000000087000000, 0x0000000087000000, 0x0000000087100000|  0%| F|  |TAMS 0x0000000087000000, 0x0000000087000000| Untracked 
|  63|0x0000000087100000, 0x0000000087100000, 0x0000000087200000|  0%| F|  |TAMS 0x0000000087100000, 0x0000000087100000| Untracked 
|  64|0x0000000087200000, 0x0000000087200000, 0x0000000087300000|  0%| F|  |TAMS 0x0000000087200000, 0x0000000087200000| Untracked 
|  65|0x0000000087300000, 0x0000000087300000, 0x0000000087400000|  0%| F|  |TAMS 0x0000000087300000, 0x0000000087300000| Untracked 
|  66|0x0000000087400000, 0x0000000087400000, 0x0000000087500000|  0%| F|  |TAMS 0x0000000087400000, 0x0000000087400000| Untracked 
|  67|0x0000000087500000, 0x0000000087500000, 0x0000000087600000|  0%| F|  |TAMS 0x0000000087500000, 0x0000000087500000| Untracked 
|  68|0x0000000087600000, 0x0000000087600000, 0x0000000087700000|  0%| F|  |TAMS 0x0000000087600000, 0x0000000087600000| Untracked 
|  69|0x0000000087700000, 0x0000000087700000, 0x0000000087800000|  0%| F|  |TAMS 0x0000000087700000, 0x0000000087700000| Untracked 
|  70|0x0000000087800000, 0x0000000087800000, 0x0000000087900000|  0%| F|  |TAMS 0x0000000087800000, 0x0000000087800000| Untracked 
|  71|0x0000000087900000, 0x0000000087900000, 0x0000000087a00000|  0%| F|  |TAMS 0x0000000087900000, 0x0000000087900000| Untracked 
|  72|0x0000000087a00000, 0x0000000087a00000, 0x0000000087b00000|  0%| F|  |TAMS 0x0000000087a00000, 0x0000000087a00000| Untracked 
|  73|0x0000000087b00000, 0x0000000087b00000, 0x0000000087c00000|  0%| F|  |TAMS 0x0000000087b00000, 0x0000000087b00000| Untracked 
|  74|0x0000000087c00000, 0x0000000087c00000, 0x0000000087d00000|  0%| F|  |TAMS 0x0000000087c00000, 0x0000000087c00000| Untracked 
|  75|0x0000000087d00000, 0x0000000087d00000, 0x0000000087e00000|  0%| F|  |TAMS 0x0000000087d00000, 0x0000000087d00000| Untracked 
|  76|0x0000000087e00000, 0x0000000087e00000, 0x0000000087f00000|  0%| F|  |TAMS 0x0000000087e00000, 0x0000000087e00000| Untracked 
|  77|0x0000000087f00000, 0x0000000087f00000, 0x0000000088000000|  0%| F|  |TAMS 0x0000000087f00000, 0x0000000087f00000| Untracked 
|  78|0x0000000088000000, 0x0000000088000000, 0x0000000088100000|  0%| F|  |TAMS 0x0000000088000000, 0x0000000088000000| Untracked 
|  79|0x0000000088100000, 0x0000000088100000, 0x0000000088200000|  0%| F|  |TAMS 0x0000000088100000, 0x0000000088100000| Untracked 
|  80|0x0000000088200000, 0x0000000088200000, 0x0000000088300000|  0%| F|  |TAMS 0x0000000088200000, 0x0000000088200000| Untracked 
|  81|0x0000000088300000, 0x0000000088300000, 0x0000000088400000|  0%| F|  |TAMS 0x0000000088300000, 0x0000000088300000| Untracked 
|  82|0x0000000088400000, 0x0000000088400000, 0x0000000088500000|  0%| F|  |TAMS 0x0000000088400000, 0x0000000088400000| Untracked 
|  83|0x0000000088500000, 0x0000000088500000, 0x0000000088600000|  0%| F|  |TAMS 0x0000000088500000, 0x0000000088500000| Untracked 
|  84|0x0000000088600000, 0x0000000088600000, 0x0000000088700000|  0%| F|  |TAMS 0x0000000088600000, 0x0000000088600000| Untracked 
|  85|0x0000000088700000, 0x0000000088700000, 0x0000000088800000|  0%| F|  |TAMS 0x0000000088700000, 0x0000000088700000| Untracked 
|  86|0x0000000088800000, 0x0000000088800000, 0x0000000088900000|  0%| F|  |TAMS 0x0000000088800000, 0x0000000088800000| Untracked 
|  87|0x0000000088900000, 0x0000000088900000, 0x0000000088a00000|  0%| F|  |TAMS 0x0000000088900000, 0x0000000088900000| Untracked 
|  88|0x0000000088a00000, 0x0000000088a00000, 0x0000000088b00000|  0%| F|  |TAMS 0x0000000088a00000, 0x0000000088a00000| Untracked 
|  89|0x0000000088b00000, 0x0000000088b00000, 0x0000000088c00000|  0%| F|  |TAMS 0x0000000088b00000, 0x0000000088b00000| Untracked 
|  90|0x0000000088c00000, 0x0000000088c00000, 0x0000000088d00000|  0%| F|  |TAMS 0x0000000088c00000, 0x0000000088c00000| Untracked 
|  91|0x0000000088d00000, 0x0000000088d00000, 0x0000000088e00000|  0%| F|  |TAMS 0x0000000088d00000, 0x0000000088d00000| Untracked 
|  92|0x0000000088e00000, 0x0000000088e00000, 0x0000000088f00000|  0%| F|  |TAMS 0x0000000088e00000, 0x0000000088e00000| Untracked 
|  93|0x0000000088f00000, 0x0000000088f00000, 0x0000000089000000|  0%| F|  |TAMS 0x0000000088f00000, 0x0000000088f00000| Untracked 
|  94|0x0000000089000000, 0x0000000089000000, 0x0000000089100000|  0%| F|  |TAMS 0x0000000089000000, 0x0000000089000000| Untracked 
|  95|0x0000000089100000, 0x0000000089100000, 0x0000000089200000|  0%| F|  |TAMS 0x0000000089100000, 0x0000000089100000| Untracked 
|  96|0x0000000089200000, 0x0000000089200000, 0x0000000089300000|  0%| F|  |TAMS 0x0000000089200000, 0x0000000089200000| Untracked 
|  97|0x0000000089300000, 0x0000000089300000, 0x0000000089400000|  0%| F|  |TAMS 0x0000000089300000, 0x0000000089300000| Untracked 
|  98|0x0000000089400000, 0x0000000089400000, 0x0000000089500000|  0%| F|  |TAMS 0x0000000089400000, 0x0000000089400000| Untracked 
|  99|0x0000000089500000, 0x0000000089500000, 0x0000000089600000|  0%| F|  |TAMS 0x0000000089500000, 0x0000000089500000| Untracked 
| 100|0x0000000089600000, 0x0000000089600000, 0x0000000089700000|  0%| F|  |TAMS 0x0000000089600000, 0x0000000089600000| Untracked 
| 101|0x0000000089700000, 0x0000000089700000, 0x0000000089800000|  0%| F|  |TAMS 0x0000000089700000, 0x0000000089700000| Untracked 
| 102|0x0000000089800000, 0x0000000089800000, 0x0000000089900000|  0%| F|  |TAMS 0x0000000089800000, 0x0000000089800000| Untracked 
| 103|0x0000000089900000, 0x0000000089900000, 0x0000000089a00000|  0%| F|  |TAMS 0x0000000089900000, 0x0000000089900000| Untracked 
| 104|0x0000000089a00000, 0x0000000089a00000, 0x0000000089b00000|  0%| F|  |TAMS 0x0000000089a00000, 0x0000000089a00000| Untracked 
| 105|0x0000000089b00000, 0x0000000089b80800, 0x0000000089c00000| 50%| E|  |TAMS 0x0000000089b00000, 0x0000000089b00000| Complete 
| 106|0x0000000089c00000, 0x0000000089d00000, 0x0000000089d00000|100%| E|CS|TAMS 0x0000000089c00000, 0x0000000089c00000| Complete 
| 107|0x0000000089d00000, 0x0000000089e00000, 0x0000000089e00000|100%| E|CS|TAMS 0x0000000089d00000, 0x0000000089d00000| Complete 
| 108|0x0000000089e00000, 0x0000000089f00000, 0x0000000089f00000|100%| E|CS|TAMS 0x0000000089e00000, 0x0000000089e00000| Complete 
| 109|0x0000000089f00000, 0x000000008a000000, 0x000000008a000000|100%| E|CS|TAMS 0x0000000089f00000, 0x0000000089f00000| Complete 
| 110|0x000000008a000000, 0x000000008a100000, 0x000000008a100000|100%| E|CS|TAMS 0x000000008a000000, 0x000000008a000000| Complete 
| 111|0x000000008a100000, 0x000000008a200000, 0x000000008a200000|100%| E|CS|TAMS 0x000000008a100000, 0x000000008a100000| Complete 
| 112|0x000000008a200000, 0x000000008a300000, 0x000000008a300000|100%| E|CS|TAMS 0x000000008a200000, 0x000000008a200000| Complete 
| 113|0x000000008a300000, 0x000000008a400000, 0x000000008a400000|100%| E|CS|TAMS 0x000000008a300000, 0x000000008a300000| Complete 
| 114|0x000000008a400000, 0x000000008a500000, 0x000000008a500000|100%| E|CS|TAMS 0x000000008a400000, 0x000000008a400000| Complete 
| 115|0x000000008a500000, 0x000000008a600000, 0x000000008a600000|100%| E|CS|TAMS 0x000000008a500000, 0x000000008a500000| Complete 
| 116|0x000000008a600000, 0x000000008a700000, 0x000000008a700000|100%| E|CS|TAMS 0x000000008a600000, 0x000000008a600000| Complete 
| 117|0x000000008a700000, 0x000000008a800000, 0x000000008a800000|100%| E|CS|TAMS 0x000000008a700000, 0x000000008a700000| Complete 
| 118|0x000000008a800000, 0x000000008a900000, 0x000000008a900000|100%| E|CS|TAMS 0x000000008a800000, 0x000000008a800000| Complete 
| 119|0x000000008a900000, 0x000000008aa00000, 0x000000008aa00000|100%| E|CS|TAMS 0x000000008a900000, 0x000000008a900000| Complete 
| 120|0x000000008aa00000, 0x000000008ab00000, 0x000000008ab00000|100%| E|CS|TAMS 0x000000008aa00000, 0x000000008aa00000| Complete 
| 121|0x000000008ab00000, 0x000000008ac00000, 0x000000008ac00000|100%| E|CS|TAMS 0x000000008ab00000, 0x000000008ab00000| Complete 
| 122|0x000000008ac00000, 0x000000008ad00000, 0x000000008ad00000|100%| E|CS|TAMS 0x000000008ac00000, 0x000000008ac00000| Complete 
| 123|0x000000008ad00000, 0x000000008ae00000, 0x000000008ae00000|100%| E|CS|TAMS 0x000000008ad00000, 0x000000008ad00000| Complete 
| 124|0x000000008ae00000, 0x000000008af00000, 0x000000008af00000|100%| E|CS|TAMS 0x000000008ae00000, 0x000000008ae00000| Complete 
| 125|0x000000008af00000, 0x000000008b000000, 0x000000008b000000|100%| E|CS|TAMS 0x000000008af00000, 0x000000008af00000| Complete 

Card table byte_map: [0x000002edc7b60000,0x000002edc7f50000] _byte_map_base: 0x000002edc7747000

Marking Bits (Prev, Next): (CMBitMap*) 0x000002edb0deeb78, (CMBitMap*) 0x000002edb0deebb0
 Prev Bits: [0x000002edc8340000, 0x000002edca278000)
 Next Bits: [0x000002edca280000, 0x000002edcc1b8000)

Polling page: 0x000002edb0570000

Metaspace:

Usage:
  Non-class:     46.03 MB capacity,    45.00 MB ( 98%) used,   850.66 KB (  2%) free+waste,   208.75 KB ( <1%) overhead. 
      Class:      7.04 MB capacity,     6.33 MB ( 90%) used,   627.47 KB (  9%) free+waste,   102.31 KB (  1%) overhead. 
       Both:     53.07 MB capacity,    51.33 MB ( 97%) used,     1.44 MB (  3%) free+waste,   311.06 KB ( <1%) overhead. 

Virtual space:
  Non-class space:       48.00 MB reserved,      46.25 MB ( 96%) committed 
      Class space:        1.00 GB reserved,       7.13 MB ( <1%) committed 
             Both:        1.05 GB reserved,      53.38 MB (  5%) committed 

Chunk freelists:
   Non-Class:  3.88 KB
       Class:  2.75 KB
        Both:  6.63 KB

CodeHeap 'non-profiled nmethods': size=120000Kb used=2754Kb max_used=2754Kb free=117245Kb
 bounds [0x000002edbff10000, 0x000002edc01d0000, 0x000002edc7440000]
CodeHeap 'profiled nmethods': size=120000Kb used=10934Kb max_used=10934Kb free=109065Kb
 bounds [0x000002edb89e0000, 0x000002edb9490000, 0x000002edbff10000]
CodeHeap 'non-nmethods': size=5760Kb used=1270Kb max_used=1392Kb free=4489Kb
 bounds [0x000002edb8440000, 0x000002edb86b0000, 0x000002edb89e0000]
 total_blobs=5239 nmethods=4697 adapters=461
 compilation: enabled
              stopped_count=0, restarted_count=0
 full_count=0

Compilation events (10 events):
Event: 9.458 Thread 0x000002edcf53a800 4693       4       java.util.HashMap$HashIterator::<init> (79 bytes)
Event: 9.463 Thread 0x000002edcf53a800 nmethod 4693 0x000002edc01bdf90 code [0x000002edc01be120, 0x000002edc01be518]
Event: 9.463 Thread 0x000002edcf53a800 4746       4       java.util.HashMap$KeySet::iterator (12 bytes)
Event: 9.468 Thread 0x000002edcf53a800 nmethod 4746 0x000002edc01be690 code [0x000002edc01be820, 0x000002edc01beb78]
Event: 9.468 Thread 0x000002edcf53a800 4749       4       java.util.HashMap::keySet (25 bytes)
Event: 9.470 Thread 0x000002edcf53a800 nmethod 4749 0x000002edc01bed90 code [0x000002edc01bef20, 0x000002edc01bf0b8]
Event: 9.471 Thread 0x000002edcf53a800 4682   !   4       com.intellij.rt.debugger.agent.CaptureAgent$CaptureTransformer::transform (194 bytes)
Event: 9.493 Thread 0x000002edcf53a800 nmethod 4682 0x000002edc01bf190 code [0x000002edc01bf3a0, 0x000002edc01bff30]
Event: 9.493 Thread 0x000002edcf53a800 4763       4       java.lang.Integer::reverseBytes (26 bytes)
Event: 9.494 Thread 0x000002edcf53a800 nmethod 4763 0x000002edc01c0610 code [0x000002edc01c0780, 0x000002edc01c07f8]

GC Heap History (10 events):
Event: 4.704 GC heap before
{Heap before GC invocations=4 (full 0):
 garbage-first heap   total 129024K, used 79283K [0x0000000083200000, 0x0000000100000000)
  region size 1024K, 72 young (73728K), 5 survivors (5120K)
 Metaspace       used 34113K, capacity 35268K, committed 35584K, reserved 1081344K
  class space    used 4055K, capacity 4515K, committed 4608K, reserved 1048576K
}
Event: 4.713 GC heap after
{Heap after GC invocations=5 (full 0):
 garbage-first heap   total 129024K, used 13286K [0x0000000083200000, 0x0000000100000000)
  region size 1024K, 5 young (5120K), 5 survivors (5120K)
 Metaspace       used 34113K, capacity 35268K, committed 35584K, reserved 1081344K
  class space    used 4055K, capacity 4515K, committed 4608K, reserved 1048576K
}
Event: 4.737 GC heap before
{Heap before GC invocations=5 (full 0):
 garbage-first heap   total 129024K, used 15334K [0x0000000083200000, 0x0000000100000000)
  region size 1024K, 8 young (8192K), 5 survivors (5120K)
 Metaspace       used 34310K, capacity 35449K, committed 35584K, reserved 1081344K
  class space    used 4081K, capacity 4535K, committed 4608K, reserved 1048576K
}
Event: 4.742 GC heap after
{Heap after GC invocations=6 (full 0):
 garbage-first heap   total 129024K, used 13170K [0x0000000083200000, 0x0000000100000000)
  region size 1024K, 5 young (5120K), 5 survivors (5120K)
 Metaspace       used 34310K, capacity 35449K, committed 35584K, reserved 1081344K
  class space    used 4081K, capacity 4535K, committed 4608K, reserved 1048576K
}
Event: 7.074 GC heap before
{Heap before GC invocations=7 (full 0):
 garbage-first heap   total 129024K, used 75634K [0x0000000083200000, 0x0000000100000000)
  region size 1024K, 66 young (67584K), 5 survivors (5120K)
 Metaspace       used 40964K, capacity 42465K, committed 42752K, reserved 1087488K
  class space    used 4930K, capacity 5546K, committed 5632K, reserved 1048576K
}
Event: 7.082 GC heap after
{Heap after GC invocations=8 (full 0):
 garbage-first heap   total 129024K, used 16445K [0x0000000083200000, 0x0000000100000000)
  region size 1024K, 7 young (7168K), 7 survivors (7168K)
 Metaspace       used 40964K, capacity 42465K, committed 42752K, reserved 1087488K
  class space    used 4930K, capacity 5546K, committed 5632K, reserved 1048576K
}
Event: 7.945 GC heap before
{Heap before GC invocations=8 (full 0):
 garbage-first heap   total 129024K, used 79933K [0x0000000083200000, 0x0000000100000000)
  region size 1024K, 69 young (70656K), 7 survivors (7168K)
 Metaspace       used 43176K, capacity 44716K, committed 44800K, reserved 1087488K
  class space    used 5199K, capacity 5848K, committed 5888K, reserved 1048576K
}
Event: 7.959 GC heap after
{Heap after GC invocations=9 (full 0):
 garbage-first heap   total 129024K, used 20335K [0x0000000083200000, 0x0000000100000000)
  region size 1024K, 8 young (8192K), 8 survivors (8192K)
 Metaspace       used 43176K, capacity 44716K, committed 44800K, reserved 1087488K
  class space    used 5199K, capacity 5848K, committed 5888K, reserved 1048576K
}
Event: 8.801 GC heap before
{Heap before GC invocations=9 (full 0):
 garbage-first heap   total 129024K, used 84847K [0x0000000083200000, 0x0000000100000000)
  region size 1024K, 71 young (72704K), 8 survivors (8192K)
 Metaspace       used 48570K, capacity 50351K, committed 50560K, reserved 1093632K
  class space    used 6034K, capacity 6742K, committed 6784K, reserved 1048576K
}
Event: 8.811 GC heap after
{Heap after GC invocations=10 (full 0):
 garbage-first heap   total 129024K, used 20637K [0x0000000083200000, 0x0000000100000000)
  region size 1024K, 5 young (5120K), 5 survivors (5120K)
 Metaspace       used 48570K, capacity 50351K, committed 50560K, reserved 1093632K
  class space    used 6034K, capacity 6742K, committed 6784K, reserved 1048576K
}

Deoptimization events (10 events):
Event: 8.886 Thread 0x000002edb0db2000 Uncommon trap: reason=unstable_if action=reinterpret pc=0x000002edbfff4bbc method=java.util.Properties.loadConvert([CIILjava/lang/StringBuilder;)Ljava/lang/String; @ 26 c2
Event: 8.892 Thread 0x000002edb0db2000 Uncommon trap: reason=unstable_if action=reinterpret pc=0x000002edc00a96dc method=java.util.Properties.load0(Ljava/util/Properties$LineReader;)V @ 160 c2
Event: 9.119 Thread 0x000002edb0db2000 Uncommon trap: reason=class_check action=maybe_recompile pc=0x000002edc0198fc0 method=java.util.Properties$LineReader.readLine()I @ 70 c2
Event: 9.119 Thread 0x000002edb0db2000 Uncommon trap: reason=class_check action=maybe_recompile pc=0x000002edc0199208 method=java.util.Properties$LineReader.readLine()I @ 479 c2
Event: 9.119 Thread 0x000002edb0db2000 Uncommon trap: reason=class_check action=maybe_recompile pc=0x000002edc0198fc0 method=java.util.Properties$LineReader.readLine()I @ 70 c2
Event: 9.244 Thread 0x000002edb0db2000 Uncommon trap: reason=unstable_if action=reinterpret pc=0x000002edc0198b44 method=java.util.Properties$LineReader.readLine()I @ 153 c2
Event: 9.244 Thread 0x000002edb0db2000 Uncommon trap: reason=unstable_if action=reinterpret pc=0x000002edbffee4d4 method=java.util.Properties$LineReader.readLine()I @ 153 c2
Event: 9.326 Thread 0x000002edb0db2000 Uncommon trap: reason=unstable_if action=reinterpret pc=0x000002edbffc5684 method=java.net.URLStreamHandler.parseURL(Ljava/net/URL;Ljava/lang/String;II)V @ 155 c2
Event: 9.327 Thread 0x000002edb0db2000 Uncommon trap: reason=unstable_if action=reinterpret pc=0x000002edc001d010 method=sun.net.util.IPAddressUtil.scan(Ljava/lang/String;JJ[C)I @ 14 c2
Event: 9.394 Thread 0x000002edb0db2000 Uncommon trap: reason=unstable_if action=reinterpret pc=0x000002edbff50dc4 method=java.lang.StringCoding.encodeUTF8(B[BZ)[B @ 2 c2

Classes redefined (0 events):
No events

Internal exceptions (10 events):
Event: 8.108 Thread 0x000002edb0db2000 Exception <a 'java/lang/NoSuchMethodError'{0x000000008a28bd28}: java.lang.invoke.DirectMethodHandle$Holder.invokeVirtual(Ljava/lang/Object;Ljava/lang/Object;)V> (0x000000008a28bd28) thrown at [./open/src/hotspot/share/interpreter/linkResolver.cpp, line 77
Event: 8.155 Thread 0x000002edb0db2000 Exception <a 'java/lang/ClassNotFoundException'{0x000000008a0a5520}: java/lang/ObjectCustomizer> (0x000000008a0a5520) thrown at [./open/src/hotspot/share/classfile/systemDictionary.cpp, line 226]
Event: 8.156 Thread 0x000002edb0db2000 Exception <a 'java/lang/ClassNotFoundException'{0x000000008a0ba570}: com/yupi/usercenter/service/UserServiceTestCustomizer> (0x000000008a0ba570) thrown at [./open/src/hotspot/share/classfile/systemDictionary.cpp, line 226]
Event: 8.166 Thread 0x000002edb0db2000 Exception <a 'java/lang/NoSuchMethodError'{0x0000000089f48538}: java.lang.invoke.DirectMethodHandle$Holder.invokeSpecial(Ljava/lang/Object;Ljava/lang/Object;Ljava/lang/Object;Ljava/lang/Object;Ljava/lang/Object;I)Ljava/lang/Object;> (0x0000000089f48538) t
Event: 8.167 Thread 0x000002edb0db2000 Exception <a 'java/lang/NoSuchMethodError'{0x0000000089f4bc28}: java.lang.invoke.Invokers$Holder.linkToTargetMethod(Ljava/lang/Object;Ljava/lang/Object;Ljava/lang/Object;ILjava/lang/Object;)Ljava/lang/Object;> (0x0000000089f4bc28) thrown at [./open/src/ho
Event: 8.621 Thread 0x000002edb0db2000 Exception <a 'java/lang/ClassNotFoundException'{0x0000000088074198}: java/lang/ClassLoader$ByteBuddyAccessor$lBcdv5Fv> (0x0000000088074198) thrown at [./open/src/hotspot/share/classfile/systemDictionary.cpp, line 226]
Event: 8.795 Thread 0x000002edb0db2000 Exception <a 'java/lang/ClassNotFoundException'{0x0000000086d808b8}: java/util/MapBeanInfo> (0x0000000086d808b8) thrown at [./open/src/hotspot/share/classfile/systemDictionary.cpp, line 226]
Event: 8.796 Thread 0x000002edb0db2000 Exception <a 'java/lang/ClassNotFoundException'{0x0000000086d82068}: java/util/MapCustomizer> (0x0000000086d82068) thrown at [./open/src/hotspot/share/classfile/systemDictionary.cpp, line 226]
Event: 9.313 Thread 0x000002edb0db2000 Exception <a 'java/lang/NoSuchMethodError'{0x0000000089e68278}: java.lang.invoke.DirectMethodHandle$Holder.invokeStaticInit(Ljava/lang/Object;IIII)Ljava/lang/Object;> (0x0000000089e68278) thrown at [./open/src/hotspot/share/interpreter/linkResolver.cpp, l
Event: 9.315 Thread 0x000002edb0db2000 Exception <a 'sun/nio/fs/WindowsException'{0x0000000089e700e0}> (0x0000000089e700e0) thrown at [./open/src/hotspot/share/prims/jni.cpp, line 611]

Events (10 events):
Event: 9.382 loading class sun/security/provider/SeedGenerator done
Event: 9.382 loading class sun/security/provider/NativeSeedGenerator
Event: 9.382 loading class sun/security/provider/NativeSeedGenerator done
Event: 9.391 loading class sun/security/provider/SeedGenerator$1
Event: 9.392 loading class sun/security/provider/SeedGenerator$1 done
Event: 9.392 loading class sun/security/provider/ByteArrayAccess
Event: 9.392 loading class sun/security/provider/ByteArrayAccess done
Event: 9.394 Thread 0x000002edb0db2000 Uncommon trap: trap_request=0xffffff4d fr.pc=0x000002edbff50dc4 relative=0x0000000000000224
Event: 9.394 Thread 0x000002edb0db2000 DEOPT PACKING pc=0x000002edbff50dc4 sp=0x000000f2e05f7260
Event: 9.394 Thread 0x000002edb0db2000 DEOPT UNPACKING pc=0x000002edb847b12f sp=0x000000f2e05f7200 mode 2


Dynamic libraries:
0x00007ff603180000 - 0x00007ff60318f000 	E:\software\jdk11\bin\java.exe
0x00007ffdb5f30000 - 0x00007ffdb6146000 	C:\WINDOWS\SYSTEM32\ntdll.dll
0x00007ffdb3fd0000 - 0x00007ffdb4094000 	C:\WINDOWS\System32\KERNEL32.DLL
0x00007ffdb3280000 - 0x00007ffdb3627000 	C:\WINDOWS\System32\KERNELBASE.dll
0x00007ffdb3750000 - 0x00007ffdb3861000 	C:\WINDOWS\System32\ucrtbase.dll
0x00007ffda0ba0000 - 0x00007ffda0bb8000 	E:\software\jdk11\bin\jli.dll
0x00007ffda0090000 - 0x00007ffda00a5000 	E:\software\jdk11\bin\VCRUNTIME140.dll
0x00007ffdb5c30000 - 0x00007ffdb5ce2000 	C:\WINDOWS\System32\ADVAPI32.dll
0x00007ffdb5250000 - 0x00007ffdb52f7000 	C:\WINDOWS\System32\msvcrt.dll
0x00007ffdb51a0000 - 0x00007ffdb5248000 	C:\WINDOWS\System32\sechost.dll
0x00007ffdb3b70000 - 0x00007ffdb3b98000 	C:\WINDOWS\System32\bcrypt.dll
0x00007ffdb5dc0000 - 0x00007ffdb5ed5000 	C:\WINDOWS\System32\RPCRT4.dll
0x00007ffdb4910000 - 0x00007ffdb4abe000 	C:\WINDOWS\System32\USER32.dll
0x00007ffdb3250000 - 0x00007ffdb3276000 	C:\WINDOWS\System32\win32u.dll
0x00007ffdb3fa0000 - 0x00007ffdb3fc9000 	C:\WINDOWS\System32\GDI32.dll
0x00007ffdb3630000 - 0x00007ffdb3749000 	C:\WINDOWS\System32\gdi32full.dll
0x00007ffd9b4c0000 - 0x00007ffd9b753000 	C:\WINDOWS\WinSxS\amd64_microsoft.windows.common-controls_6595b64144ccf1df_6.0.22621.3235_none_270f74e173860f98\COMCTL32.dll
0x00007ffdb3ad0000 - 0x00007ffdb3b6a000 	C:\WINDOWS\System32\msvcp_win.dll
0x00007ffda10e0000 - 0x00007ffda10ea000 	C:\WINDOWS\SYSTEM32\VERSION.dll
0x00007ffdb4ac0000 - 0x00007ffdb4af1000 	C:\WINDOWS\System32\IMM32.DLL
0x00007ffd9f5c0000 - 0x00007ffd9f65b000 	E:\software\jdk11\bin\msvcp140.dll
0x00007ffd4aee0000 - 0x00007ffd4b9f6000 	E:\software\jdk11\bin\server\jvm.dll
0x00007ffdb5ee0000 - 0x00007ffdb5ee8000 	C:\WINDOWS\System32\PSAPI.DLL
0x00007ffda5300000 - 0x00007ffda5334000 	C:\WINDOWS\SYSTEM32\WINMM.dll
0x00007ffd86160000 - 0x00007ffd86169000 	C:\WINDOWS\SYSTEM32\WSOCK32.dll
0x00007ffdb4b00000 - 0x00007ffdb4b71000 	C:\WINDOWS\System32\WS2_32.dll
0x00007ffdb2340000 - 0x00007ffdb2358000 	C:\WINDOWS\SYSTEM32\kernel.appcore.dll
0x00007ffdadd20000 - 0x00007ffdadd30000 	E:\software\jdk11\bin\verify.dll
0x00007ffdb08a0000 - 0x00007ffdb0ad3000 	C:\WINDOWS\SYSTEM32\DBGHELP.DLL
0x00007ffdb4d80000 - 0x00007ffdb5108000 	C:\WINDOWS\System32\combase.dll
0x00007ffdb3ec0000 - 0x00007ffdb3f97000 	C:\WINDOWS\System32\OLEAUT32.dll
0x00007ffda0cb0000 - 0x00007ffda0ce2000 	C:\WINDOWS\SYSTEM32\dbgcore.DLL
0x00007ffdb39e0000 - 0x00007ffdb3a59000 	C:\WINDOWS\System32\bcryptPrimitives.dll
0x00007ffd9ff20000 - 0x00007ffd9ff48000 	E:\software\jdk11\bin\java.dll
0x00007ffda8930000 - 0x00007ffda893a000 	E:\software\jdk11\bin\jimage.dll
0x00007ffd9f560000 - 0x00007ffd9f598000 	E:\software\jdk11\bin\jdwp.dll
0x00007ffd9ff10000 - 0x00007ffd9ff1e000 	E:\software\jdk11\bin\instrument.dll
0x00007ffd9fea0000 - 0x00007ffd9feb6000 	E:\software\jdk11\bin\zip.dll
0x00007ffdb5300000 - 0x00007ffdb5b5c000 	C:\WINDOWS\System32\SHELL32.dll
0x00007ffdb1170000 - 0x00007ffdb1a69000 	C:\WINDOWS\SYSTEM32\windows.storage.dll
0x00007ffdb1030000 - 0x00007ffdb116e000 	C:\WINDOWS\SYSTEM32\wintypes.dll
0x00007ffdb4b80000 - 0x00007ffdb4c73000 	C:\WINDOWS\System32\SHCORE.dll
0x00007ffdb5d60000 - 0x00007ffdb5dbe000 	C:\WINDOWS\System32\shlwapi.dll
0x00007ffdb3180000 - 0x00007ffdb31a1000 	C:\WINDOWS\SYSTEM32\profapi.dll
0x00007ffd9fe00000 - 0x00007ffd9fe0a000 	E:\software\jdk11\bin\dt_socket.dll
0x00007ffdb27b0000 - 0x00007ffdb2819000 	C:\WINDOWS\system32\mswsock.dll
0x00007ffd9fe80000 - 0x00007ffd9fe99000 	E:\software\jdk11\bin\net.dll
0x00007ffda85c0000 - 0x00007ffda86f6000 	C:\WINDOWS\SYSTEM32\WINHTTP.dll
0x00007ffd9f5a0000 - 0x00007ffd9f5b2000 	E:\software\jdk11\bin\nio.dll
0x00007ffda0dc0000 - 0x00007ffda0dc9000 	E:\software\jdk11\bin\management.dll
0x00007ffda0be0000 - 0x00007ffda0beb000 	E:\software\jdk11\bin\management_ext.dll
0x00007ffd87040000 - 0x00007ffd87057000 	C:\WINDOWS\system32\napinsp.dll
0x00007ffd87020000 - 0x00007ffd8703b000 	C:\WINDOWS\system32\pnrpnsp.dll
0x00007ffdb1d70000 - 0x00007ffdb1e69000 	C:\WINDOWS\SYSTEM32\DNSAPI.dll
0x00007ffdb1d40000 - 0x00007ffdb1d6d000 	C:\WINDOWS\SYSTEM32\IPHLPAPI.DLL
0x00007ffdb4c80000 - 0x00007ffdb4c89000 	C:\WINDOWS\System32\NSI.dll
0x00007ffd87000000 - 0x00007ffd87011000 	C:\WINDOWS\System32\winrnr.dll
0x00007ffda1e60000 - 0x00007ffda1e75000 	C:\WINDOWS\system32\wshbth.dll
0x00007ffd86fd0000 - 0x00007ffd86ff1000 	C:\WINDOWS\system32\nlansp_c.dll
0x00007ffda18f0000 - 0x00007ffda18fa000 	C:\Windows\System32\rasadhlp.dll
0x00007ffda1f90000 - 0x00007ffda2013000 	C:\WINDOWS\System32\fwpuclnt.dll
0x00007ffda8970000 - 0x00007ffda8989000 	C:\WINDOWS\SYSTEM32\dhcpcsvc6.DLL
0x00007ffda8420000 - 0x00007ffda843f000 	C:\WINDOWS\SYSTEM32\dhcpcsvc.DLL
0x0000000180000000 - 0x0000000180282000 	E:\software\apache-tomcat-9.0.27\bin\tcnative-1.dll
0x00007ffdb3870000 - 0x00007ffdb39d7000 	C:\WINDOWS\System32\CRYPT32.dll
0x00007ffd9f550000 - 0x00007ffd9f55d000 	E:\software\jdk11\bin\sunmscapi.dll
0x00007ffdb2bf0000 - 0x00007ffdb2c1e000 	C:\WINDOWS\SYSTEM32\ncrypt.dll
0x00007ffdb2bb0000 - 0x00007ffdb2be7000 	C:\WINDOWS\SYSTEM32\NTASN1.dll
0x00007ffd9f2f0000 - 0x00007ffd9f315000 	E:\software\jdk11\bin\sunec.dll
0x00007ffdb29e0000 - 0x00007ffdb29fb000 	C:\WINDOWS\SYSTEM32\CRYPTSP.dll
0x00007ffdb22a0000 - 0x00007ffdb22d5000 	C:\WINDOWS\system32\rsaenh.dll
0x00007ffdb2870000 - 0x00007ffdb2898000 	C:\WINDOWS\SYSTEM32\USERENV.dll
0x00007ffdb2a00000 - 0x00007ffdb2a0c000 	C:\WINDOWS\SYSTEM32\CRYPTBASE.dll

dbghelp: loaded successfully - version: 4.0.5 - missing functions: none
symbol engine: initialized successfully - sym options: 0x614 - pdb path: .;E:\software\jdk11\bin;C:\WINDOWS\SYSTEM32;C:\WINDOWS\WinSxS\amd64_microsoft.windows.common-controls_6595b64144ccf1df_6.0.22621.3235_none_270f74e173860f98;E:\software\jdk11\bin\server;E:\software\apache-tomcat-9.0.27\bin

VM Arguments:
jvm_args: -agentlib:jdwp=transport=dt_socket,address=127.0.0.1:53228,suspend=y,server=n -ea -Didea.test.cyclic.buffer.size=1048576 -javaagent:C:\Users\XRDELL\AppData\Local\JetBrains\IntelliJIdea2020.3\captureAgent\debugger-agent.jar -Dfile.encoding=UTF-8 
java_command: com.intellij.rt.junit.JUnitStarter -ideVersion5 -junit5 com.yupi.usercenter.service.UserServiceTest,userRegister
java_class_path (initial): E:\software\idea\IntelliJ IDEA 2020.3.4\lib\idea_rt.jar;C:\Users\XRDELL\.m2\repository\org\junit\platform\junit-platform-launcher\1.8.2\junit-platform-launcher-1.8.2.jar;C:\Users\XRDELL\.m2\repository\org\junit\platform\junit-platform-engine\1.8.2\junit-platform-engine-1.8.2.jar;C:\Users\XRDELL\.m2\repository\org\opentest4j\opentest4j\1.2.0\opentest4j-1.2.0.jar;C:\Users\XRDELL\.m2\repository\org\junit\platform\junit-platform-commons\1.8.2\junit-platform-commons-1.8.2.jar;C:\Users\XRDELL\.m2\repository\org\apiguardian\apiguardian-api\1.1.2\apiguardian-api-1.1.2.jar;C:\Users\XRDELL\.m2\repository\org\junit\vintage\junit-vintage-engine\5.8.2\junit-vintage-engine-5.8.2.jar;E:\software\idea\IntelliJ IDEA 2020.3.4\plugins\junit\lib\junit5-rt.jar;E:\software\idea\IntelliJ IDEA 2020.3.4\plugins\junit\lib\junit-rt.jar;F:\yupibackend\user-center\target\test-classes;F:\yupibackend\user-center\target\classes;D:\.m2\repository_boot\org\springframework\boot\spring-boot-starter-web\2.6.13\spring-boot-starter-web-2.6.13.jar;D:\.m2\repository_boot\org\springframework\boot\spring-boot-starter\2.6.13\spring-boot-starter-2.6.13.jar;D:\.m2\repository_boot\org\springframework\boot\spring-boot-starter-logging\2.6.13\spring-boot-starter-logging-2.6.13.jar;D:\.m2\repository_boot\ch\qos\logback\logback-classic\1.2.11\logback-classic-1.2.11.jar;D:\.m2\repository_boot\ch\qos\logback\logback-core\1.2.11\logback-core-1.2.11.jar;D:\.m2\repository_boot\org\apache\logging\log4j\log4j-to-slf4j\2.17.2\log4j-to-slf4j-2.17.2.jar;D:\.m2\repository_boot\org\apache\logging\log4j\log4j-api\2.17.2\log4j-api-2.17.2.jar;D:\.m2\repository_boot\org\slf4j\jul-to-slf4j\1.7.36\jul-to-slf4j-1.7.36.jar;D:\.m2\repository_boot\jakarta\annotation\jakarta.annotation-api\1.3.5\jakarta.annotation-api-1.3.5.jar;D:\.m2\repository_boot\org\yaml\snakeyaml\1.29\snakeyaml-1.29.jar;D:\.m2\repository_boot\org\springframework\boot\spring-boot-starter-json\2.6.13\spring-boot-starter-json-2.6.13.jar;D:\.
Launcher Type: SUN_STANDARD

[Global flags]
     intx CICompilerCount                          = 4                                         {product} {ergonomic}
     uint ConcGCThreads                            = 2                                         {product} {ergonomic}
     uint G1ConcRefinementThreads                  = 8                                         {product} {ergonomic}
   size_t G1HeapRegionSize                         = 1048576                                   {product} {ergonomic}
    uintx GCDrainStackTargetSize                   = 64                                        {product} {ergonomic}
   size_t InitialHeapSize                          = 132120576                                 {product} {ergonomic}
   size_t MarkStackSize                            = 4194304                                   {product} {ergonomic}
   size_t MaxHeapSize                              = 2095054848                                {product} {ergonomic}
   size_t MaxNewSize                               = 1256194048                                {product} {ergonomic}
   size_t MinHeapDeltaBytes                        = 1048576                                   {product} {ergonomic}
    uintx NonNMethodCodeHeapSize                   = 5836300                                {pd product} {ergonomic}
    uintx NonProfiledCodeHeapSize                  = 122910970                              {pd product} {ergonomic}
    uintx ProfiledCodeHeapSize                     = 122910970                              {pd product} {ergonomic}
    uintx ReservedCodeCacheSize                    = 251658240                              {pd product} {ergonomic}
     bool SegmentedCodeCache                       = true                                      {product} {ergonomic}
     bool UseCompressedClassPointers               = true                                 {lp64_product} {ergonomic}
     bool UseCompressedOops                        = true                                 {lp64_product} {ergonomic}
     bool UseG1GC                                  = true                                      {product} {ergonomic}
     bool UseLargePagesIndividualAllocation        = false                                  {pd product} {ergonomic}

Logging:
Log output configuration:
 #0: stdout all=warning uptime,level,tags
 #1: stderr all=off uptime,level,tags

Environment Variables:
JAVA_HOME=E:\software\jdk11
CLASSPATH=.;E:\software\jdk11\lib;E:\software\jdk11\lib\dt.jar;E:\software\jdk11\lib\tools.jar;
PATH=E:\software\nodejs18.20\node_modules;E:\software\python2.7;E:\app\XRDELL\product\11.2.0\dbhome_1\bin;E:\vmware\Vmsoftwareworkspace\bin\;E:\software\jdk11\bin;E:\software\jdk11\jre\bin;C:\Program Files (x86)\Common Files\Oracle\Java\javapath;C:\Windows\system32;C:\Windows;C:\Windows\System32\Wbem;C:\Windows\System32\WindowsPowerShell\v1.0\;D:\apache-maven-3.6.3\bin;C:\Windows\System32\OpenSSH\;C:\Program Files (x86)\NVIDIA Corporation\PhysX\Common;C:\Program Files\NVIDIA Corporation\NVIDIA NvDLISR;C:\WINDOWS\system32;C:\WINDOWS;C:\WINDOWS\System32\Wbem;C:\WINDOWS\System32\WindowsPowerShell\v1.0\;C:\WINDOWS\System32\OpenSSH\;C:\Program Files\Common Files\Tom Sawyer Software\10.0.0;E:\software\apache-tomcat-9.0.27\bin;E:\software\apache-tomcat-9.0.27\lib;C:\Program Files\MySQL\MySQL Server 8.0\bin;C:\WINDOWS\system32;C:\WINDOWS;C:\WINDOWS\System32\Wbem;C:\Windows\SysWOW64;E:\yolo_smart\Git\Git\cmd;C:\Program Files (x86)\STMicroelectronics\STM32 ST-LINK Utility\ST-LINK Utility;D:\apache-maven-3.6.3\bin;E:\software\Git\Git\cmd;E:\software\Git\turtois\bin;E:\software\anaconda;E:\software\anaconda\Scripts;E:\software\anaconda\Library\mingw-w64\bin;E:\software\anaconda\Library\usr\bin;E:\software\anaconda\Library\bin;E:\software\anaconda\Lib\site-packages\graphviz\bin;E:\software\anaconda\Lib\site-packages\graphviz\bin;E:\software\anaconda\Lib\site-packages\graphviz\bin\dot.exe;G:\software\wechat_detools\微信web开发者工具\dll;E:\software\android\gradle-7.3.3\bin;E:\software\android\androidSdk\platform-tools;E:\software\nodejs18.20\node_modules;E:\software\nodejs18.20\node_global;E:\software\nodejs18.20\node_modules\bin;E:\software\nodejs18.20\;E:\software\nodejs18.20\yarn\bin;E:\python\python_interperter_3.8\Scripts\;E:\python\python_interperter_3.8\;C:\Users\XRDELL\AppData\Local\Microsoft\WindowsApps;D:\web develop\document\Microsoft VS Code\bin;D:\Pycharm\PyCharm Community Edition 2023.1.3\bin;D:\Pycharm\PyCharm 2022.2\bin;;E:\ffmpeg-6.0-essentials_build\bin;E:\software
USERNAME=XRDELL
OS=Windows_NT
PROCESSOR_IDENTIFIER=Intel64 Family 6 Model 165 Stepping 2, GenuineIntel



---------------  S Y S T E M  ---------------

OS: Windows 11 , 64 bit Build 22621 (10.0.22621.3374)
Hyper-V role detected

CPU:total 8 (initial active 8) (4 cores per cpu, 2 threads per core) family 6 model 165 stepping 2 microcode 0xf8, cmov, cx8, fxsr, mmx, sse, sse2, sse3, ssse3, sse4.1, sse4.2, popcnt, avx, avx2, aes, clmul, erms, 3dnowpref, lzcnt, ht, tsc, tscinvbit, bmi1, bmi2, adx, fma

Memory: 4k page, system-wide physical 7985M (398M free)
TotalPageFile size 32561M (AvailPageFile size 6M)
current process WorkingSet (physical memory assigned to process): 381M, peak: 387M
current process commit charge ("private bytes"): 457M, peak: 461M

vm_info: Java HotSpot(TM) 64-Bit Server VM (11.0.15.1+2-LTS-10) for windows-amd64 JRE (11.0.15.1+2-LTS-10), built on Apr 25 2022 21:51:57 by "mach5one" with MS VC++ 15.9 (VS2017)

END.
