#
# There is insufficient memory for the Java Runtime Environment to continue.
# Native memory allocation (malloc) failed to allocate 1048576 bytes for AllocateHeap
# Possible reasons:
#   The system is out of physical RAM or swap space
#   The process is running with CompressedOops enabled, and the Java Heap may be blocking the growth of the native heap
# Possible solutions:
#   Reduce memory load on the system
#   Increase physical memory or swap space
#   Check if swap backing store is full
#   Decrease Java heap size (-Xmx/-Xms)
#   Decrease number of Java threads
#   Decrease Java thread stack sizes (-Xss)
#   Set larger code cache with -XX:ReservedCodeCacheSize=
#   JVM is running with Unscaled Compressed Oops mode in which the Java heap is
#     placed in the first 4GB address space. The Java Heap base address is the
#     maximum limit for the native heap growth. Please use -XX:HeapBaseMinAddress
#     to set the Java Heap base and to place the Java Heap above 4GB virtual address.
# This output file may be truncated or incomplete.
#
#  Out of Memory Error (./src/hotspot/share/memory/allocation.cpp:46), pid=23876, tid=30668
#
# JRE version:  (11.0.10+8) (build )
# Java VM: OpenJDK 64-Bit Server VM (11.0.10+8-b1145.96, mixed mode, sharing, tiered, compressed oops, g1 gc, windows-amd64)
# No core dump will be written. Minidumps are not enabled by default on client versions of Windows
#

---------------  S U M M A R Y ------------

Command Line: -Djava.net.preferIPv4Stack=true -Djava.rmi.server.hostname=127.0.0.1 -Duser.timezone=UTC -Xmx998m -Xms128m -Dfile.encoding=UTF-8 com.intellij.database.remote.RemoteJdbcServer com.mysql.cj.jdbc.Driver

Host: Intel(R) Core(TM) i5-10200H CPU @ 2.40GHz, 8 cores, 7G,  Windows 10 , 64 bit Build 22621 (10.0.22621.3374)
Time: Mon May 13 14:59:21 2024 中国标准时间 elapsed time: 0.051353 seconds (0d 0h 0m 0s)

---------------  T H R E A D  ---------------

Current thread (0x00000299d5933800):  JavaThread "Unknown thread" [_thread_in_vm, id=30668, stack(0x000000a767a00000,0x000000a767b00000)]

Stack: [0x000000a767a00000,0x000000a767b00000]
Native frames: (J=compiled Java code, j=interpreted, Vv=VM code, C=native code)
V  [jvm.dll+0x5ece6a]
V  [jvm.dll+0x722cd5]
V  [jvm.dll+0x72422d]
V  [jvm.dll+0x7248e3]
V  [jvm.dll+0x2428d8]
V  [jvm.dll+0xb3ac4]
V  [jvm.dll+0x2d4998]
V  [jvm.dll+0x701807]
V  [jvm.dll+0x70300c]
V  [jvm.dll+0x3585a9]
V  [jvm.dll+0x6e516e]
V  [jvm.dll+0x3c09e3]
V  [jvm.dll+0x3c2c71]
C  [jli.dll+0x5373]
C  [ucrtbase.dll+0x29333]
C  [KERNEL32.DLL+0x1257d]
C  [ntdll.dll+0x5aa48]


---------------  P R O C E S S  ---------------

Threads class SMR info:
_java_thread_list=0x00000299d57f8d00, length=0, elements={
}

Java Threads: ( => current thread )

Other Threads:

=>0x00000299d5933800 (exited) JavaThread "Unknown thread" [_thread_in_vm, id=30668, stack(0x000000a767a00000,0x000000a767b00000)]

Threads with active compile tasks:

VM state:not at safepoint (not fully initialized)

VM Mutex/Monitor currently owned by a thread: None


[error occurred during error reporting (printing compressed oops mode), id 0xc0000005, EXCEPTION_ACCESS_VIOLATION (0xc0000005) at pc=0x00007ffd544f2657]

GC Heap History (0 events):
No events

Deoptimization events (0 events):
No events

Classes redefined (0 events):
No events

Internal exceptions (0 events):
No events

Events (1 events):
Event: 0.029 Loaded shared library E:\software\idea\IntelliJ IDEA 2020.3.4\jbr\bin\zip.dll


Dynamic libraries:
0x00007ff650940000 - 0x00007ff65094a000 	E:\software\idea\IntelliJ IDEA 2020.3.4\jbr\bin\java.exe
0x00007ffdb5f30000 - 0x00007ffdb6146000 	C:\WINDOWS\SYSTEM32\ntdll.dll
0x00007ffdb3fd0000 - 0x00007ffdb4094000 	C:\WINDOWS\System32\KERNEL32.DLL
0x00007ffdb3280000 - 0x00007ffdb3627000 	C:\WINDOWS\System32\KERNELBASE.dll
0x00007ffdb3750000 - 0x00007ffdb3861000 	C:\WINDOWS\System32\ucrtbase.dll
0x00007ffda7150000 - 0x00007ffda7169000 	E:\software\idea\IntelliJ IDEA 2020.3.4\jbr\bin\jli.dll
0x00007ffd9f590000 - 0x00007ffd9f5a7000 	E:\software\idea\IntelliJ IDEA 2020.3.4\jbr\bin\VCRUNTIME140.dll
0x00007ffdb4910000 - 0x00007ffdb4abe000 	C:\WINDOWS\System32\USER32.dll
0x00007ffdb3250000 - 0x00007ffdb3276000 	C:\WINDOWS\System32\win32u.dll
0x00007ffdb3fa0000 - 0x00007ffdb3fc9000 	C:\WINDOWS\System32\GDI32.dll
0x00007ffdb3630000 - 0x00007ffdb3749000 	C:\WINDOWS\System32\gdi32full.dll
0x00007ffdb3ad0000 - 0x00007ffdb3b6a000 	C:\WINDOWS\System32\msvcp_win.dll
0x00007ffd9b4c0000 - 0x00007ffd9b753000 	C:\WINDOWS\WinSxS\amd64_microsoft.windows.common-controls_6595b64144ccf1df_6.0.22621.3235_none_270f74e173860f98\COMCTL32.dll
0x00007ffdb5250000 - 0x00007ffdb52f7000 	C:\WINDOWS\System32\msvcrt.dll
0x00007ffdb4ac0000 - 0x00007ffdb4af1000 	C:\WINDOWS\System32\IMM32.DLL
0x00007ffd9f3d0000 - 0x00007ffd9f46d000 	E:\software\idea\IntelliJ IDEA 2020.3.4\jbr\bin\msvcp140.dll
0x00007ffd53df0000 - 0x00007ffd548c0000 	E:\software\idea\IntelliJ IDEA 2020.3.4\jbr\bin\server\jvm.dll
0x00007ffdb5c30000 - 0x00007ffdb5ce2000 	C:\WINDOWS\System32\ADVAPI32.dll
0x00007ffdb51a0000 - 0x00007ffdb5248000 	C:\WINDOWS\System32\sechost.dll
0x00007ffdb3b70000 - 0x00007ffdb3b98000 	C:\WINDOWS\System32\bcrypt.dll
0x00007ffdb5dc0000 - 0x00007ffdb5ed5000 	C:\WINDOWS\System32\RPCRT4.dll
0x00007ffdb5ee0000 - 0x00007ffdb5ee8000 	C:\WINDOWS\System32\PSAPI.DLL
0x00007ffd86160000 - 0x00007ffd86169000 	C:\WINDOWS\SYSTEM32\WSOCK32.dll
0x00007ffdb4b00000 - 0x00007ffdb4b71000 	C:\WINDOWS\System32\WS2_32.dll
0x00007ffda5300000 - 0x00007ffda5334000 	C:\WINDOWS\SYSTEM32\WINMM.dll
0x00007ffda10e0000 - 0x00007ffda10ea000 	C:\WINDOWS\SYSTEM32\VERSION.dll
0x00007ffdb2340000 - 0x00007ffdb2358000 	C:\WINDOWS\SYSTEM32\kernel.appcore.dll
0x00007ffdadc80000 - 0x00007ffdadc91000 	E:\software\idea\IntelliJ IDEA 2020.3.4\jbr\bin\verify.dll
0x00007ffdb08a0000 - 0x00007ffdb0ad3000 	C:\WINDOWS\SYSTEM32\DBGHELP.DLL
0x00007ffdb4d80000 - 0x00007ffdb5108000 	C:\WINDOWS\System32\combase.dll
0x00007ffdb3ec0000 - 0x00007ffdb3f97000 	C:\WINDOWS\System32\OLEAUT32.dll
0x00007ffda0cb0000 - 0x00007ffda0ce2000 	C:\WINDOWS\SYSTEM32\dbgcore.DLL
0x00007ffdb39e0000 - 0x00007ffdb3a59000 	C:\WINDOWS\System32\bcryptPrimitives.dll
0x00007ffda11c0000 - 0x00007ffda11e9000 	E:\software\idea\IntelliJ IDEA 2020.3.4\jbr\bin\java.dll
0x00007ffdadd40000 - 0x00007ffdadd4b000 	E:\software\idea\IntelliJ IDEA 2020.3.4\jbr\bin\jimage.dll
0x00007ffda1150000 - 0x00007ffda1168000 	E:\software\idea\IntelliJ IDEA 2020.3.4\jbr\bin\zip.dll

dbghelp: loaded successfully - version: 4.0.5 - missing functions: none
symbol engine: initialized successfully - sym options: 0x614 - pdb path: .;E:\software\idea\IntelliJ IDEA 2020.3.4\jbr\bin;C:\WINDOWS\SYSTEM32;C:\WINDOWS\WinSxS\amd64_microsoft.windows.common-controls_6595b64144ccf1df_6.0.22621.3235_none_270f74e173860f98;E:\software\idea\IntelliJ IDEA 2020.3.4\jbr\bin\server

VM Arguments:
jvm_args: -Djava.net.preferIPv4Stack=true -Djava.rmi.server.hostname=127.0.0.1 -Duser.timezone=UTC -Xmx998m -Xms128m -Dfile.encoding=UTF-8 
java_command: com.intellij.database.remote.RemoteJdbcServer com.mysql.cj.jdbc.Driver
java_class_path (initial): E:\software\idea\IntelliJ IDEA 2020.3.4\lib\util.jar;E:\software\idea\IntelliJ IDEA 2020.3.4\lib\trove4j.jar;E:\software\idea\IntelliJ IDEA 2020.3.4\lib\groovy-2.5.11.jar;E:\software\idea\IntelliJ IDEA 2020.3.4\plugins\DatabaseTools\lib\jdbc-console.jar;C:\Users\XRDELL\AppData\Roaming\JetBrains\IntelliJIdea2020.3\jdbc-drivers\MySQL ConnectorJ\8.2.0\com\mysql\mysql-connector-j\8.2.0\mysql-connector-j-8.2.0.jar;C:\Users\XRDELL\AppData\Roaming\JetBrains\IntelliJIdea2020.3\jdbc-drivers\MySQL ConnectorJ\8.2.0\com\google\protobuf\protobuf-java\3.21.9\protobuf-java-3.21.9.jar
Launcher Type: SUN_STANDARD

[Global flags]
     intx CICompilerCount                          = 4                                         {product} {ergonomic}
     uint G1ConcRefinementThreads                  = 8                                         {product} {ergonomic}
   size_t G1HeapRegionSize                         = 1048576                                   {product} {ergonomic}
    uintx GCDrainStackTargetSize                   = 64                                        {product} {ergonomic}
   size_t InitialHeapSize                          = 134217728                                 {product} {command line}
   size_t MaxHeapSize                              = 1046478848                                {product} {command line}
   size_t MinHeapDeltaBytes                        = 1048576                                   {product} {ergonomic}
    uintx NonNMethodCodeHeapSize                   = 5836300                                {pd product} {ergonomic}
    uintx NonProfiledCodeHeapSize                  = 122910970                              {pd product} {ergonomic}
    uintx ProfiledCodeHeapSize                     = 122910970                              {pd product} {ergonomic}
    uintx ReservedCodeCacheSize                    = 251658240                              {pd product} {ergonomic}
     bool SegmentedCodeCache                       = true                                      {product} {ergonomic}
     bool UseCompressedClassPointers               = true                                 {lp64_product} {ergonomic}
     bool UseCompressedOops                        = true                                 {lp64_product} {ergonomic}
     bool UseG1GC                                  = true                                      {product} {ergonomic}
     bool UseLargePagesIndividualAllocation        = false                                  {pd product} {ergonomic}

Logging:
Log output configuration:
 #0: stdout all=warning uptime,level,tags
 #1: stderr all=off uptime,level,tags

Environment Variables:
JAVA_HOME=E:\software\jdk11
CLASSPATH=.;E:\software\jdk11\lib;E:\software\jdk11\lib\dt.jar;E:\software\jdk11\lib\tools.jar;
PATH=E:\software\nodejs18.20\node_modules;E:\software\python2.7;E:\app\XRDELL\product\11.2.0\dbhome_1\bin;E:\vmware\Vmsoftwareworkspace\bin\;E:\software\jdk11\bin;E:\software\jdk11\jre\bin;C:\Program Files (x86)\Common Files\Oracle\Java\javapath;C:\Windows\system32;C:\Windows;C:\Windows\System32\Wbem;C:\Windows\System32\WindowsPowerShell\v1.0\;D:\apache-maven-3.6.3\bin;C:\Windows\System32\OpenSSH\;C:\Program Files (x86)\NVIDIA Corporation\PhysX\Common;C:\Program Files\NVIDIA Corporation\NVIDIA NvDLISR;C:\WINDOWS\system32;C:\WINDOWS;C:\WINDOWS\System32\Wbem;C:\WINDOWS\System32\WindowsPowerShell\v1.0\;C:\WINDOWS\System32\OpenSSH\;C:\Program Files\Common Files\Tom Sawyer Software\10.0.0;E:\software\apache-tomcat-9.0.27\bin;E:\software\apache-tomcat-9.0.27\lib;C:\Program Files\MySQL\MySQL Server 8.0\bin;C:\WINDOWS\system32;C:\WINDOWS;C:\WINDOWS\System32\Wbem;C:\Windows\SysWOW64;E:\yolo_smart\Git\Git\cmd;C:\Program Files (x86)\STMicroelectronics\STM32 ST-LINK Utility\ST-LINK Utility;D:\apache-maven-3.6.3\bin;E:\software\Git\Git\cmd;E:\software\Git\turtois\bin;E:\software\anaconda;E:\software\anaconda\Scripts;E:\software\anaconda\Library\mingw-w64\bin;E:\software\anaconda\Library\usr\bin;E:\software\anaconda\Library\bin;E:\software\anaconda\Lib\site-packages\graphviz\bin;E:\software\anaconda\Lib\site-packages\graphviz\bin;E:\software\anaconda\Lib\site-packages\graphviz\bin\dot.exe;G:\software\wechat_detools\微信web开发者工具\dll;E:\software\android\gradle-7.3.3\bin;E:\software\android\androidSdk\platform-tools;E:\software\nodejs18.20\node_modules;E:\software\nodejs18.20\node_global;E:\software\nodejs18.20\node_modules\bin;E:\software\nodejs18.20\;E:\software\nodejs18.20\yarn\bin;E:\python\python_interperter_3.8\Scripts\;E:\python\python_interperter_3.8\;C:\Users\XRDELL\AppData\Local\Microsoft\WindowsApps;D:\web develop\document\Microsoft VS Code\bin;D:\Pycharm\PyCharm Community Edition 2023.1.3\bin;D:\Pycharm\PyCharm 2022.2\bin;;E:\ffmpeg-6.0-essentials_build\bin;E:\software
USERNAME=XRDELL
OS=Windows_NT
PROCESSOR_IDENTIFIER=Intel64 Family 6 Model 165 Stepping 2, GenuineIntel



---------------  S Y S T E M  ---------------

OS: Windows 10 , 64 bit Build 22621 (10.0.22621.3374)
OS uptime: 0 days 6:21 hours
Hyper-V role detected

CPU:total 8 (initial active 8) (4 cores per cpu, 2 threads per core) family 6 model 165 stepping 2 microcode 0xf8, cmov, cx8, fxsr, mmx, sse, sse2, sse3, ssse3, sse4.1, sse4.2, popcnt, avx, avx2, aes, clmul, erms, 3dnowpref, lzcnt, ht, tsc, tscinvbit, bmi1, bmi2, adx, fma

Memory: 4k page, system-wide physical 7985M (627M free)
TotalPageFile size 32561M (AvailPageFile size 5M)
current process WorkingSet (physical memory assigned to process): 11M, peak: 11M
current process commit charge ("private bytes"): 14M, peak: 15M

vm_info: OpenJDK 64-Bit Server VM (11.0.10+8-b1145.96) for windows-amd64 JRE (11.0.10+8-b1145.96), built on Feb 18 2021 01:38:16 by "" with MS VC++ 14.0 (VS2015)

END.
