#
# There is insufficient memory for the Java Runtime Environment to continue.
# Native memory allocation (mmap) failed to map 132120576 bytes for Failed to commit area from 0x0000000083200000 to 0x000000008b000000 of length 132120576.
# Possible reasons:
#   The system is out of physical RAM or swap space
#   The process is running with CompressedOops enabled, and the Java Heap may be blocking the growth of the native heap
# Possible solutions:
#   Reduce memory load on the system
#   Increase physical memory or swap space
#   Check if swap backing store is full
#   Decrease Java heap size (-Xmx/-Xms)
#   Decrease number of Java threads
#   Decrease Java thread stack sizes (-Xss)
#   Set larger code cache with -XX:ReservedCodeCacheSize=
# This output file may be truncated or incomplete.
#
#  Out of Memory Error (./open/src/hotspot/os/windows/os_windows.cpp:3287), pid=25064, tid=18576
#
# JRE version:  (11.0.15.1+2) (build )
# Java VM: Java HotSpot(TM) 64-Bit Server VM (11.0.15.1+2-LTS-10, mixed mode, sharing, tiered, compressed oops, g1 gc, windows-amd64)
# No core dump will be written. Minidumps are not enabled by default on client versions of Windows
#

---------------  S U M M A R Y ------------

Command Line: -ea -Didea.test.cyclic.buffer.size=1048576 -javaagent:E:\software\idea\IntelliJ IDEA 2020.3.4\lib\idea_rt.jar=54999:E:\software\idea\IntelliJ IDEA 2020.3.4\bin -Dfile.encoding=UTF-8 com.intellij.rt.junit.JUnitStarter -ideVersion5 -junit5 com.yupi.usercenter.service.UserServiceTest,userRegister

Host: Intel(R) Core(TM) i5-10200H CPU @ 2.40GHz, 8 cores, 7G,  Windows 11 , 64 bit Build 22621 (10.0.22621.3374)
Time: Mon May 13 15:28:45 2024 中国标准时间 elapsed time: 0.032076 seconds (0d 0h 0m 0s)

---------------  T H R E A D  ---------------

Current thread (0x00000246d3138000):  JavaThread "Unknown thread" [_thread_in_vm, id=18576, stack(0x000000964a000000,0x000000964a100000)]

Stack: [0x000000964a000000,0x000000964a100000]
Native frames: (J=compiled Java code, j=interpreted, Vv=VM code, C=native code)
V  [jvm.dll+0x629d8a]
V  [jvm.dll+0x7638ff]
V  [jvm.dll+0x764fa9]
V  [jvm.dll+0x765633]
V  [jvm.dll+0x23d9c8]
V  [jvm.dll+0x6270aa]
V  [jvm.dll+0x61be35]
V  [jvm.dll+0x2f27dc]
V  [jvm.dll+0x2f2662]
V  [jvm.dll+0x2f7386]
V  [jvm.dll+0x339d8f]
V  [jvm.dll+0x3397c0]
V  [jvm.dll+0x2cfdf8]
V  [jvm.dll+0x2d0f66]
V  [jvm.dll+0x73df07]
V  [jvm.dll+0x73f79f]
V  [jvm.dll+0x346ab9]
V  [jvm.dll+0x723810]
V  [jvm.dll+0x3b56cf]
V  [jvm.dll+0x3b77e1]
C  [jli.dll+0x5207]
C  [ucrtbase.dll+0x29333]
C  [KERNEL32.DLL+0x1257d]
C  [ntdll.dll+0x5aa48]


---------------  P R O C E S S  ---------------

Threads class SMR info:
_java_thread_list=0x00000246d1015ed0, length=0, elements={
}

Java Threads: ( => current thread )

Other Threads:
  0x00000246d314a800 GCTaskThread "GC Thread#0" [stack: 0x000000964a100000,0x000000964a200000] [id=28896]
  0x00000246d3176000 ConcurrentGCThread "G1 Main Marker" [stack: 0x000000964a200000,0x000000964a300000] [id=32320]
  0x00000246d3177000 ConcurrentGCThread "G1 Conc#0" [stack: 0x000000964a300000,0x000000964a400000] [id=13968]

[error occurred during error reporting (printing all threads), id 0xc0000005, EXCEPTION_ACCESS_VIOLATION (0xc0000005) at pc=0x00007ffd50bcf087]

VM state:not at safepoint (not fully initialized)

VM Mutex/Monitor currently owned by a thread:  ([mutex/lock_event])
[0x00000246d3134b00] Heap_lock - owner thread: 0x00000246d3138000

Heap address: 0x0000000083200000, size: 1998 MB, Compressed Oops mode: Non-zero based: 0x0000000083200000
Narrow klass base: 0x0000000000000000, Narrow klass shift: 0

GC Heap History (0 events):
No events

Deoptimization events (0 events):
No events

Classes redefined (0 events):
No events

Internal exceptions (0 events):
No events

Events (0 events):
No events


Dynamic libraries:
0x00007ff603180000 - 0x00007ff60318f000 	E:\software\jdk11\bin\java.exe
0x00007ffdb5f30000 - 0x00007ffdb6146000 	C:\WINDOWS\SYSTEM32\ntdll.dll
0x00007ffdb3fd0000 - 0x00007ffdb4094000 	C:\WINDOWS\System32\KERNEL32.DLL
0x00007ffdb3280000 - 0x00007ffdb3627000 	C:\WINDOWS\System32\KERNELBASE.dll
0x00007ffdb3750000 - 0x00007ffdb3861000 	C:\WINDOWS\System32\ucrtbase.dll
0x00007ffda0dd0000 - 0x00007ffda0de5000 	E:\software\jdk11\bin\VCRUNTIME140.dll
0x00007ffda0ba0000 - 0x00007ffda0bb8000 	E:\software\jdk11\bin\jli.dll
0x00007ffdb5c30000 - 0x00007ffdb5ce2000 	C:\WINDOWS\System32\ADVAPI32.dll
0x00007ffdb5250000 - 0x00007ffdb52f7000 	C:\WINDOWS\System32\msvcrt.dll
0x00007ffdb51a0000 - 0x00007ffdb5248000 	C:\WINDOWS\System32\sechost.dll
0x00007ffdb3b70000 - 0x00007ffdb3b98000 	C:\WINDOWS\System32\bcrypt.dll
0x00007ffdb5dc0000 - 0x00007ffdb5ed5000 	C:\WINDOWS\System32\RPCRT4.dll
0x00007ffdb4910000 - 0x00007ffdb4abe000 	C:\WINDOWS\System32\USER32.dll
0x00007ffdb3250000 - 0x00007ffdb3276000 	C:\WINDOWS\System32\win32u.dll
0x00007ffdb3fa0000 - 0x00007ffdb3fc9000 	C:\WINDOWS\System32\GDI32.dll
0x00007ffd9b4c0000 - 0x00007ffd9b753000 	C:\WINDOWS\WinSxS\amd64_microsoft.windows.common-controls_6595b64144ccf1df_6.0.22621.3235_none_270f74e173860f98\COMCTL32.dll
0x00007ffdb3630000 - 0x00007ffdb3749000 	C:\WINDOWS\System32\gdi32full.dll
0x00007ffdb3ad0000 - 0x00007ffdb3b6a000 	C:\WINDOWS\System32\msvcp_win.dll
0x00007ffda10e0000 - 0x00007ffda10ea000 	C:\WINDOWS\SYSTEM32\VERSION.dll
0x00007ffdb4ac0000 - 0x00007ffdb4af1000 	C:\WINDOWS\System32\IMM32.DLL
0x00007ffd9f5c0000 - 0x00007ffd9f65b000 	E:\software\jdk11\bin\msvcp140.dll
0x00007ffd508f0000 - 0x00007ffd51406000 	E:\software\jdk11\bin\server\jvm.dll
0x00007ffdb5ee0000 - 0x00007ffdb5ee8000 	C:\WINDOWS\System32\PSAPI.DLL
0x00007ffd86160000 - 0x00007ffd86169000 	C:\WINDOWS\SYSTEM32\WSOCK32.dll
0x00007ffda5300000 - 0x00007ffda5334000 	C:\WINDOWS\SYSTEM32\WINMM.dll
0x00007ffdb4b00000 - 0x00007ffdb4b71000 	C:\WINDOWS\System32\WS2_32.dll
0x00007ffdb2340000 - 0x00007ffdb2358000 	C:\WINDOWS\SYSTEM32\kernel.appcore.dll
0x00007ffdadd20000 - 0x00007ffdadd30000 	E:\software\jdk11\bin\verify.dll
0x00007ffdb08a0000 - 0x00007ffdb0ad3000 	C:\WINDOWS\SYSTEM32\DBGHELP.DLL
0x00007ffdb4d80000 - 0x00007ffdb5108000 	C:\WINDOWS\System32\combase.dll
0x00007ffdb3ec0000 - 0x00007ffdb3f97000 	C:\WINDOWS\System32\OLEAUT32.dll
0x00007ffda0cb0000 - 0x00007ffda0ce2000 	C:\WINDOWS\SYSTEM32\dbgcore.DLL
0x00007ffdb39e0000 - 0x00007ffdb3a59000 	C:\WINDOWS\System32\bcryptPrimitives.dll
0x00007ffd9ff20000 - 0x00007ffd9ff48000 	E:\software\jdk11\bin\java.dll
0x00007ffda8930000 - 0x00007ffda893a000 	E:\software\jdk11\bin\jimage.dll
0x00007ffd9ff10000 - 0x00007ffd9ff1e000 	E:\software\jdk11\bin\instrument.dll
0x00007ffda0090000 - 0x00007ffda00a6000 	E:\software\jdk11\bin\zip.dll

dbghelp: loaded successfully - version: 4.0.5 - missing functions: none
symbol engine: initialized successfully - sym options: 0x614 - pdb path: .;E:\software\jdk11\bin;C:\WINDOWS\SYSTEM32;C:\WINDOWS\WinSxS\amd64_microsoft.windows.common-controls_6595b64144ccf1df_6.0.22621.3235_none_270f74e173860f98;E:\software\jdk11\bin\server

VM Arguments:
jvm_args: -ea -Didea.test.cyclic.buffer.size=1048576 -javaagent:E:\software\idea\IntelliJ IDEA 2020.3.4\lib\idea_rt.jar=54999:E:\software\idea\IntelliJ IDEA 2020.3.4\bin -Dfile.encoding=UTF-8 
java_command: com.intellij.rt.junit.JUnitStarter -ideVersion5 -junit5 com.yupi.usercenter.service.UserServiceTest,userRegister
java_class_path (initial): E:\software\idea\IntelliJ IDEA 2020.3.4\lib\idea_rt.jar;C:\Users\XRDELL\.m2\repository\org\junit\platform\junit-platform-launcher\1.8.2\junit-platform-launcher-1.8.2.jar;C:\Users\XRDELL\.m2\repository\org\junit\platform\junit-platform-engine\1.8.2\junit-platform-engine-1.8.2.jar;C:\Users\XRDELL\.m2\repository\org\opentest4j\opentest4j\1.2.0\opentest4j-1.2.0.jar;C:\Users\XRDELL\.m2\repository\org\junit\platform\junit-platform-commons\1.8.2\junit-platform-commons-1.8.2.jar;C:\Users\XRDELL\.m2\repository\org\apiguardian\apiguardian-api\1.1.2\apiguardian-api-1.1.2.jar;C:\Users\XRDELL\.m2\repository\org\junit\vintage\junit-vintage-engine\5.8.2\junit-vintage-engine-5.8.2.jar;E:\software\idea\IntelliJ IDEA 2020.3.4\plugins\junit\lib\junit5-rt.jar;E:\software\idea\IntelliJ IDEA 2020.3.4\plugins\junit\lib\junit-rt.jar;F:\yupibackend\user-center\target\test-classes;F:\yupibackend\user-center\target\classes;D:\.m2\repository_boot\org\springframework\boot\spring-boot-starter-web\2.6.13\spring-boot-starter-web-2.6.13.jar;D:\.m2\repository_boot\org\springframework\boot\spring-boot-starter\2.6.13\spring-boot-starter-2.6.13.jar;D:\.m2\repository_boot\org\springframework\boot\spring-boot-starter-logging\2.6.13\spring-boot-starter-logging-2.6.13.jar;D:\.m2\repository_boot\ch\qos\logback\logback-classic\1.2.11\logback-classic-1.2.11.jar;D:\.m2\repository_boot\ch\qos\logback\logback-core\1.2.11\logback-core-1.2.11.jar;D:\.m2\repository_boot\org\apache\logging\log4j\log4j-to-slf4j\2.17.2\log4j-to-slf4j-2.17.2.jar;D:\.m2\repository_boot\org\apache\logging\log4j\log4j-api\2.17.2\log4j-api-2.17.2.jar;D:\.m2\repository_boot\org\slf4j\jul-to-slf4j\1.7.36\jul-to-slf4j-1.7.36.jar;D:\.m2\repository_boot\jakarta\annotation\jakarta.annotation-api\1.3.5\jakarta.annotation-api-1.3.5.jar;D:\.m2\repository_boot\org\yaml\snakeyaml\1.29\snakeyaml-1.29.jar;D:\.m2\repository_boot\org\springframework\boot\spring-boot-starter-json\2.6.13\spring-boot-starter-json-2.6.13.jar;D:\.
Launcher Type: SUN_STANDARD

[Global flags]
     intx CICompilerCount                          = 4                                         {product} {ergonomic}
     uint ConcGCThreads                            = 2                                         {product} {ergonomic}
     uint G1ConcRefinementThreads                  = 8                                         {product} {ergonomic}
   size_t G1HeapRegionSize                         = 1048576                                   {product} {ergonomic}
    uintx GCDrainStackTargetSize                   = 64                                        {product} {ergonomic}
   size_t InitialHeapSize                          = 132120576                                 {product} {ergonomic}
   size_t MarkStackSize                            = 4194304                                   {product} {ergonomic}
   size_t MaxHeapSize                              = 2095054848                                {product} {ergonomic}
   size_t MinHeapDeltaBytes                        = 1048576                                   {product} {ergonomic}
    uintx NonNMethodCodeHeapSize                   = 5836300                                {pd product} {ergonomic}
    uintx NonProfiledCodeHeapSize                  = 122910970                              {pd product} {ergonomic}
    uintx ProfiledCodeHeapSize                     = 122910970                              {pd product} {ergonomic}
    uintx ReservedCodeCacheSize                    = 251658240                              {pd product} {ergonomic}
     bool SegmentedCodeCache                       = true                                      {product} {ergonomic}
     bool UseCompressedClassPointers               = true                                 {lp64_product} {ergonomic}
     bool UseCompressedOops                        = true                                 {lp64_product} {ergonomic}
     bool UseG1GC                                  = true                                      {product} {ergonomic}
     bool UseLargePagesIndividualAllocation        = false                                  {pd product} {ergonomic}

Logging:
Log output configuration:
 #0: stdout all=warning uptime,level,tags
 #1: stderr all=off uptime,level,tags

Environment Variables:
JAVA_HOME=E:\software\jdk11
CLASSPATH=.;E:\software\jdk11\lib;E:\software\jdk11\lib\dt.jar;E:\software\jdk11\lib\tools.jar;
PATH=E:\software\nodejs18.20\node_modules;E:\software\python2.7;E:\app\XRDELL\product\11.2.0\dbhome_1\bin;E:\vmware\Vmsoftwareworkspace\bin\;E:\software\jdk11\bin;E:\software\jdk11\jre\bin;C:\Program Files (x86)\Common Files\Oracle\Java\javapath;C:\Windows\system32;C:\Windows;C:\Windows\System32\Wbem;C:\Windows\System32\WindowsPowerShell\v1.0\;D:\apache-maven-3.6.3\bin;C:\Windows\System32\OpenSSH\;C:\Program Files (x86)\NVIDIA Corporation\PhysX\Common;C:\Program Files\NVIDIA Corporation\NVIDIA NvDLISR;C:\WINDOWS\system32;C:\WINDOWS;C:\WINDOWS\System32\Wbem;C:\WINDOWS\System32\WindowsPowerShell\v1.0\;C:\WINDOWS\System32\OpenSSH\;C:\Program Files\Common Files\Tom Sawyer Software\10.0.0;E:\software\apache-tomcat-9.0.27\bin;E:\software\apache-tomcat-9.0.27\lib;C:\Program Files\MySQL\MySQL Server 8.0\bin;C:\WINDOWS\system32;C:\WINDOWS;C:\WINDOWS\System32\Wbem;C:\Windows\SysWOW64;E:\yolo_smart\Git\Git\cmd;C:\Program Files (x86)\STMicroelectronics\STM32 ST-LINK Utility\ST-LINK Utility;D:\apache-maven-3.6.3\bin;E:\software\Git\Git\cmd;E:\software\Git\turtois\bin;E:\software\anaconda;E:\software\anaconda\Scripts;E:\software\anaconda\Library\mingw-w64\bin;E:\software\anaconda\Library\usr\bin;E:\software\anaconda\Library\bin;E:\software\anaconda\Lib\site-packages\graphviz\bin;E:\software\anaconda\Lib\site-packages\graphviz\bin;E:\software\anaconda\Lib\site-packages\graphviz\bin\dot.exe;G:\software\wechat_detools\微信web开发者工具\dll;E:\software\android\gradle-7.3.3\bin;E:\software\android\androidSdk\platform-tools;E:\software\nodejs18.20\node_modules;E:\software\nodejs18.20\node_global;E:\software\nodejs18.20\node_modules\bin;E:\software\nodejs18.20\;E:\software\nodejs18.20\yarn\bin;E:\python\python_interperter_3.8\Scripts\;E:\python\python_interperter_3.8\;C:\Users\XRDELL\AppData\Local\Microsoft\WindowsApps;D:\web develop\document\Microsoft VS Code\bin;D:\Pycharm\PyCharm Community Edition 2023.1.3\bin;D:\Pycharm\PyCharm 2022.2\bin;;E:\ffmpeg-6.0-essentials_build\bin;E:\software
USERNAME=XRDELL
OS=Windows_NT
PROCESSOR_IDENTIFIER=Intel64 Family 6 Model 165 Stepping 2, GenuineIntel



---------------  S Y S T E M  ---------------

OS: Windows 11 , 64 bit Build 22621 (10.0.22621.3374)
Hyper-V role detected

CPU:total 8 (initial active 8) (4 cores per cpu, 2 threads per core) family 6 model 165 stepping 2 microcode 0xf8, cmov, cx8, fxsr, mmx, sse, sse2, sse3, ssse3, sse4.1, sse4.2, popcnt, avx, avx2, aes, clmul, erms, 3dnowpref, lzcnt, ht, tsc, tscinvbit, bmi1, bmi2, adx, fma

Memory: 4k page, system-wide physical 7985M (307M free)
TotalPageFile size 32561M (AvailPageFile size 100M)
current process WorkingSet (physical memory assigned to process): 11M, peak: 11M
current process commit charge ("private bytes"): 60M, peak: 186M

vm_info: Java HotSpot(TM) 64-Bit Server VM (11.0.15.1+2-LTS-10) for windows-amd64 JRE (11.0.15.1+2-LTS-10), built on Apr 25 2022 21:51:57 by "mach5one" with MS VC++ 15.9 (VS2017)

END.
